test_res_dir: deleted and then created!
net: Tensor("dis/dis_decoder/resnetBlockFC_7/dense/BiasAdd:0", shape=(?, 512), dtype=float32)
grad [<tf.Tensor 'dis/gradients/dis/dense_1/MatMul_grad/MatMul:0' shape=(?, 3) dtype=float32>]
Tensor("dis/gradients/dis/dense_1/MatMul_grad/MatMul:0", shape=(?, 3), dtype=float32)
normal_p_lenght Tensor("dis/ExpandDims:0", shape=(?, 1), dtype=float32)
grad_norm Tensor("dis/truediv:0", shape=(?, 3), dtype=float32)
net: Tensor("dis_1/dis_decoder/resnetBlockFC_7/dense/BiasAdd:0", shape=(?, 512), dtype=float32)
grad [<tf.Tensor 'dis_1/gradients/AddN_11:0' shape=(?, 3) dtype=float32>]
Tensor("dis_1/gradients/AddN_11:0", shape=(?, 3), dtype=float32)
normal_p_lenght Tensor("dis_1/ExpandDims:0", shape=(?, 1), dtype=float32)
grad_norm Tensor("dis_1/truediv:0", shape=(?, 3), dtype=float32)
(5000, 3) (?, 3)
(5000,)
geo loss: Tensor("Mean_2:0", shape=(), dtype=float32) Tensor("Mean_1:0", shape=(), dtype=float32)
train start
(500000, 1, 3) (2000000, 3)
epoch: 0 epoch loss: 0.47729275 loss_emd_c: 0.40095696 loss_zero_c: 0.3418519
save model
epoch: 2000 epoch loss: 0.07157125 loss_emd_c: 0.0714994 loss_zero_c: 0.010590056
epoch: 4000 epoch loss: 0.07963584 loss_emd_c: 0.07965454 loss_zero_c: 0.008962561
epoch: 6000 epoch loss: 0.076760754 loss_emd_c: 0.07694193 loss_zero_c: 0.010004171
epoch: 8000 epoch loss: 0.07497953 loss_emd_c: 0.0746917 loss_zero_c: 0.007861141
epoch: 10000 epoch loss: 0.071661 loss_emd_c: 0.07161407 loss_zero_c: 0.008061851
save model
